Run of pyclosewat.py
     21 waters had their conformation symbols cleared
A 107 @  0.755  -4.113  14.279 Hbond  2.52 A to A 194 @  1.469  -1.921  15.304
A 109 @  5.743   7.296  23.451 clash  2.28 A to A 195 @  6.095   8.647  25.256
A 109 @  6.095   8.647  25.256 clash  1.09 A to A 133 @  5.744   8.952  26.246
A 110 @  9.606   9.795  29.518 clash  1.67 A to A 196 @  8.317   9.605  28.480
A 110 @  8.317   9.605  28.480 clash  1.67 A to A 110 @  9.606   9.795  29.518
A 112 @  3.595  10.013   8.631 Hbond  2.51 A to B 114 @  2.019   9.976   6.680
A 113 @ 11.900  11.460  26.998 clash  1.66 A to A 197 @ 10.283  11.757  26.789
A 113 @ 10.283  11.757  26.789 clash  1.66 A to A 113 @ 11.900  11.460  26.998
A 115 @  9.229   5.389  10.955 Hbond  2.60 A to A 118 @ 10.731   6.436  12.795
A 118 @ 10.731   6.436  12.795 clash  2.49 A to A 198 @ 10.700   3.944  12.792
A 118 @ 10.700   3.944  12.792 clash  2.49 A to A 118 @ 10.731   6.436  12.795
A 119 @  6.439  -3.990  10.775 clash  1.82 A to A 199 @  5.996  -5.740  11.001
A 119 @  5.996  -5.740  11.001 clash  1.82 A to A 119 @  6.439  -3.990  10.775
A 123 @  5.764 -12.683   5.073 Hbond  2.95 A to A 126 @  5.561 -10.451   6.994
A 124 @ 11.289   8.503  16.628 Hbond  2.59 A to A 150 @ 13.389   7.968  18.048
A 126 @  5.561 -10.451   6.994 clash  2.43 A to A 200 @  7.211  -9.308   5.620
A 126 @  7.211  -9.308   5.620 clash  2.43 A to A 126 @  5.561 -10.451   6.994
A 127 @ 11.927  10.238  14.686 Hbond  2.68 A to A 124 @ 11.289   8.503  16.628
A 129 @  2.405  -5.225  12.628 Hbond  2.59 A to A 107 @  0.755  -4.113  14.279
A 133 @  5.744   8.952  26.246 clash  1.09 A to A 109 @  6.095   8.647  25.256
A 134 @ 10.741   5.462   8.499 Hbond  2.89 A to A 115 @  9.229   5.389  10.955
A 150 @ 13.389   7.968  18.048 Hbond  2.59 A to A 124 @ 11.289   8.503  16.628
A 152 @ -3.230  -2.353  13.284 Hbond  3.08 A to A 153 @ -0.392  -2.681  12.123
A 153 @ -0.392  -2.681  12.123 Hbond  2.83 A to A 107 @  0.755  -4.113  14.279
A 155 @  3.795   7.642   3.335 Hbond  3.09 A to A 158 @  2.618   6.367   5.894
A 156 @ 13.168   6.862   4.737 Hbond  2.99 A to A 185 @ 13.683   7.250   7.653
A 158 @  2.618   6.367   5.894 Hbond  3.09 A to A 155 @  3.795   7.642   3.335
A 159 @  4.152  -3.537  10.865 clash  2.33 A to A 119 @  6.439  -3.990  10.775
A 163 @  6.541   1.504  11.747 Hbond  2.98 A to A 191 @  4.307   0.627   9.977
A 201 @  2.594   0.298  12.763 clash  2.16 A to B 164 @  3.611   2.102  12.150
A 166 @ 11.338   8.670  11.211 Hbond  2.81 A to A 118 @ 10.731   6.436  12.795
A 175 @  7.745  -7.084   3.687 Hbond  2.99 A to A 126 @  7.211  -9.308   5.620
A 185 @ 13.683   7.250   7.653 Hbond  2.99 A to A 156 @ 13.168   6.862   4.737
A 191 @  4.307   0.627   9.977 Hbond  2.72 A to B 164 @  3.611   2.102  12.150
A 194 @  1.469  -1.921  15.304 Hbond  2.52 A to A 107 @  0.755  -4.113  14.279
B 104 @  0.471   2.361  14.182 Hbond  2.72 A to B 121 @ -0.910   2.016  16.500
B 105 @ -3.307   3.160   8.407 Hbond  2.80 A to B 108 @ -4.992   5.249   9.207
B 108 @ -4.992   5.249   9.207 Hbond  2.80 A to B 105 @ -3.307   3.160   8.407
B 114 @  2.019   9.976   6.680 Hbond  2.51 A to A 112 @  3.595  10.013   8.631
B 116 @  5.184   1.250  14.413 Hbond  2.66 A to B 149 @  6.952   0.554  16.271
B 117 @  2.009  10.401  10.816 Hbond  2.73 A to A 112 @  3.595  10.013   8.631
B 121 @ -0.910   2.016  16.500 Hbond  2.72 A to B 104 @  0.471   2.361  14.182
B 125 @  3.755   6.438  22.035 clash  2.10 A to B 202 @  4.481   4.502  22.410
B 125 @  4.481   4.502  22.410 clash  2.10 A to B 125 @  3.755   6.438  22.035
B 132 @ -7.874   9.145   9.094 Hbond  3.00 A to B 177 @ -8.281   6.322   8.170
B 142 @  9.195   2.918  14.828 Hbond  2.73 A to A 118 @ 10.700   3.944  12.792
B 143 @  3.158  -4.678  17.591 clash  1.72 A to B 203 @  3.125  -4.932  19.295
B 143 @  3.125  -4.932  19.295 clash  1.72 A to B 143 @  3.158  -4.678  17.591
B 149 @  6.952   0.554  16.271 Hbond  2.66 A to B 116 @  5.184   1.250  14.413
B 162 @  1.608  -1.046  17.821 clash  1.97 A to B 204 @  0.328  -1.192  19.313
B 162 @  0.328  -1.192  19.313 clash  1.97 A to B 162 @  1.608  -1.046  17.821
B 164 @  3.611   2.102  12.150 clash  2.16 A to B 164 @  2.594   0.298  12.763
B 177 @ -8.281   6.322   8.170 Hbond  3.00 A to B 132 @ -7.874   9.145   9.094
Mean B value for waters = 17.86 (from 82 valid waters)

Final water statistics:
  Total water molecules: 82
  Unmarked waters: 62
  'A' conformers: 10
  'B' conformers: 10
  Other conformers: 0
  Total water positions: 72
